[33mStarting up http-server, serving [39m[36m./[39m[33m on: [39m[36mhttp://0.0.0.0:2001[39m
Hit CTRL-C to stop the server
[Mon, 06 Jul 2015 15:39:49 GMT] "[36mGET[39m [36m/client_browser.html[39m" "Mozilla/5.0 (Macintosh; Intel Mac OS X 10_10_4) AppleWebKit/537.36 (KHTML, like Gecko) Chrome/43.0.2357.130 Safari/537.36"
[Mon, 06 Jul 2015 15:39:50 GMT] "[36mGET[39m [36m/stylesheet.css[39m" "Mozilla/5.0 (Macintosh; Intel Mac OS X 10_10_4) AppleWebKit/537.36 (KHTML, like Gecko) Chrome/43.0.2357.130 Safari/537.36"
[Mon, 06 Jul 2015 15:39:50 GMT] "[36mGET[39m [36m/client_browser.js[39m" "Mozilla/5.0 (Macintosh; Intel Mac OS X 10_10_4) AppleWebKit/537.36 (KHTML, like Gecko) Chrome/43.0.2357.130 Safari/537.36"
[Mon, 06 Jul 2015 15:39:50 GMT] "[36mGET[39m [36m/images/switchboard_bkgd.jpg[39m" "Mozilla/5.0 (Macintosh; Intel Mac OS X 10_10_4) AppleWebKit/537.36 (KHTML, like Gecko) Chrome/43.0.2357.130 Safari/537.36"
[Mon, 06 Jul 2015 15:39:50 GMT] "[36mGET[39m [36m/favicon.ico[39m" "Mozilla/5.0 (Macintosh; Intel Mac OS X 10_10_4) AppleWebKit/537.36 (KHTML, like Gecko) Chrome/43.0.2357.130 Safari/537.36"
[Mon, 06 Jul 2015 15:44:19 GMT] "[36mGET[39m [36m/client_browser.html[39m" "Mozilla/5.0 (Macintosh; Intel Mac OS X 10_10_4) AppleWebKit/537.36 (KHTML, like Gecko) Chrome/43.0.2357.130 Safari/537.36"
[Mon, 06 Jul 2015 15:44:19 GMT] "[36mGET[39m [36m/client_browser.js[39m" "Mozilla/5.0 (Macintosh; Intel Mac OS X 10_10_4) AppleWebKit/537.36 (KHTML, like Gecko) Chrome/43.0.2357.130 Safari/537.36"
[Mon, 06 Jul 2015 15:44:19 GMT] "[36mGET[39m [36m/stylesheet.css[39m" "Mozilla/5.0 (Macintosh; Intel Mac OS X 10_10_4) AppleWebKit/537.36 (KHTML, like Gecko) Chrome/43.0.2357.130 Safari/537.36"
[Mon, 06 Jul 2015 15:44:19 GMT] "[36mGET[39m [36m/images/switchboard_bkgd.jpg[39m" "Mozilla/5.0 (Macintosh; Intel Mac OS X 10_10_4) AppleWebKit/537.36 (KHTML, like Gecko) Chrome/43.0.2357.130 Safari/537.36"
[Mon, 06 Jul 2015 15:52:49 GMT] "[36mGET[39m [36m/client_browser.html[39m" "Mozilla/5.0 (Macintosh; Intel Mac OS X 10_10_4) AppleWebKit/537.36 (KHTML, like Gecko) Chrome/43.0.2357.130 Safari/537.36"
[Mon, 06 Jul 2015 15:52:50 GMT] "[36mGET[39m [36m/stylesheet.css[39m" "Mozilla/5.0 (Macintosh; Intel Mac OS X 10_10_4) AppleWebKit/537.36 (KHTML, like Gecko) Chrome/43.0.2357.130 Safari/537.36"
[Mon, 06 Jul 2015 15:52:50 GMT] "[36mGET[39m [36m/client_browser.js[39m" "Mozilla/5.0 (Macintosh; Intel Mac OS X 10_10_4) AppleWebKit/537.36 (KHTML, like Gecko) Chrome/43.0.2357.130 Safari/537.36"
[Mon, 06 Jul 2015 15:52:50 GMT] "[36mGET[39m [36m/images/switchboard_bkgd.jpg[39m" "Mozilla/5.0 (Macintosh; Intel Mac OS X 10_10_4) AppleWebKit/537.36 (KHTML, like Gecko) Chrome/43.0.2357.130 Safari/537.36"
[Mon, 06 Jul 2015 15:56:09 GMT] "[36mGET[39m [36m/client_browser.html[39m" "Mozilla/5.0 (Macintosh; Intel Mac OS X 10_10_4) AppleWebKit/537.36 (KHTML, like Gecko) Chrome/43.0.2357.130 Safari/537.36"
[Mon, 06 Jul 2015 15:56:10 GMT] "[36mGET[39m [36m/stylesheet.css[39m" "Mozilla/5.0 (Macintosh; Intel Mac OS X 10_10_4) AppleWebKit/537.36 (KHTML, like Gecko) Chrome/43.0.2357.130 Safari/537.36"
[Mon, 06 Jul 2015 15:56:10 GMT] "[36mGET[39m [36m/client_browser.js[39m" "Mozilla/5.0 (Macintosh; Intel Mac OS X 10_10_4) AppleWebKit/537.36 (KHTML, like Gecko) Chrome/43.0.2357.130 Safari/537.36"
[Mon, 06 Jul 2015 15:56:10 GMT] "[36mGET[39m [36m/images/switchboard_bkgd.jpg[39m" "Mozilla/5.0 (Macintosh; Intel Mac OS X 10_10_4) AppleWebKit/537.36 (KHTML, like Gecko) Chrome/43.0.2357.130 Safari/537.36"
[Mon, 06 Jul 2015 16:00:35 GMT] "[36mGET[39m [36m/client_browser.html[39m" "Mozilla/5.0 (Macintosh; Intel Mac OS X 10_10_4) AppleWebKit/537.36 (KHTML, like Gecko) Chrome/43.0.2357.130 Safari/537.36"
[Mon, 06 Jul 2015 16:00:36 GMT] "[36mGET[39m [36m/stylesheet.css[39m" "Mozilla/5.0 (Macintosh; Intel Mac OS X 10_10_4) AppleWebKit/537.36 (KHTML, like Gecko) Chrome/43.0.2357.130 Safari/537.36"
[Mon, 06 Jul 2015 16:00:36 GMT] "[36mGET[39m [36m/client_browser.js[39m" "Mozilla/5.0 (Macintosh; Intel Mac OS X 10_10_4) AppleWebKit/537.36 (KHTML, like Gecko) Chrome/43.0.2357.130 Safari/537.36"
[Mon, 06 Jul 2015 16:00:36 GMT] "[36mGET[39m [36m/images/switchboard_bkgd.jpg[39m" "Mozilla/5.0 (Macintosh; Intel Mac OS X 10_10_4) AppleWebKit/537.36 (KHTML, like Gecko) Chrome/43.0.2357.130 Safari/537.36"
[Mon, 06 Jul 2015 16:07:01 GMT] "[36mGET[39m [36m/client_browser.html[39m" "Mozilla/5.0 (Macintosh; Intel Mac OS X 10_10_4) AppleWebKit/537.36 (KHTML, like Gecko) Chrome/43.0.2357.130 Safari/537.36"
[Mon, 06 Jul 2015 16:07:02 GMT] "[36mGET[39m [36m/stylesheet.css[39m" "Mozilla/5.0 (Macintosh; Intel Mac OS X 10_10_4) AppleWebKit/537.36 (KHTML, like Gecko) Chrome/43.0.2357.130 Safari/537.36"
[Mon, 06 Jul 2015 16:07:02 GMT] "[36mGET[39m [36m/client_browser.js[39m" "Mozilla/5.0 (Macintosh; Intel Mac OS X 10_10_4) AppleWebKit/537.36 (KHTML, like Gecko) Chrome/43.0.2357.130 Safari/537.36"
[Mon, 06 Jul 2015 16:07:02 GMT] "[36mGET[39m [36m/images/switchboard_bkgd.jpg[39m" "Mozilla/5.0 (Macintosh; Intel Mac OS X 10_10_4) AppleWebKit/537.36 (KHTML, like Gecko) Chrome/43.0.2357.130 Safari/537.36"
[Mon, 06 Jul 2015 16:08:47 GMT] "[36mGET[39m [36m/client_browser.html[39m" "Mozilla/5.0 (Macintosh; Intel Mac OS X 10_10_4) AppleWebKit/537.36 (KHTML, like Gecko) Chrome/43.0.2357.130 Safari/537.36"
[Mon, 06 Jul 2015 16:08:47 GMT] "[36mGET[39m [36m/stylesheet.css[39m" "Mozilla/5.0 (Macintosh; Intel Mac OS X 10_10_4) AppleWebKit/537.36 (KHTML, like Gecko) Chrome/43.0.2357.130 Safari/537.36"
[Mon, 06 Jul 2015 16:08:47 GMT] "[36mGET[39m [36m/client_browser.js[39m" "Mozilla/5.0 (Macintosh; Intel Mac OS X 10_10_4) AppleWebKit/537.36 (KHTML, like Gecko) Chrome/43.0.2357.130 Safari/537.36"
[Mon, 06 Jul 2015 16:08:48 GMT] "[36mGET[39m [36m/images/switchboard_bkgd.jpg[39m" "Mozilla/5.0 (Macintosh; Intel Mac OS X 10_10_4) AppleWebKit/537.36 (KHTML, like Gecko) Chrome/43.0.2357.130 Safari/537.36"
[Fri, 10 Jul 2015 14:45:14 GMT] "[36mGET[39m [36m/client_browser.html[39m" "Mozilla/5.0 (Macintosh; Intel Mac OS X 10_10_4) AppleWebKit/537.36 (KHTML, like Gecko) Chrome/43.0.2357.132 Safari/537.36"
[Fri, 10 Jul 2015 14:45:15 GMT] "[36mGET[39m [36m/stylesheet.css[39m" "Mozilla/5.0 (Macintosh; Intel Mac OS X 10_10_4) AppleWebKit/537.36 (KHTML, like Gecko) Chrome/43.0.2357.132 Safari/537.36"
[Fri, 10 Jul 2015 14:45:15 GMT] "[36mGET[39m [36m/client_browser.js[39m" "Mozilla/5.0 (Macintosh; Intel Mac OS X 10_10_4) AppleWebKit/537.36 (KHTML, like Gecko) Chrome/43.0.2357.132 Safari/537.36"
[Fri, 10 Jul 2015 14:45:15 GMT] "[36mGET[39m [36m/images/switchboard_bkgd.jpg[39m" "Mozilla/5.0 (Macintosh; Intel Mac OS X 10_10_4) AppleWebKit/537.36 (KHTML, like Gecko) Chrome/43.0.2357.132 Safari/537.36"
[Fri, 10 Jul 2015 14:45:18 GMT] "[36mGET[39m [36m/favicon.ico[39m" "Mozilla/5.0 (Macintosh; Intel Mac OS X 10_10_4) AppleWebKit/537.36 (KHTML, like Gecko) Chrome/43.0.2357.132 Safari/537.36"
